<?xml version="1.0" encoding="UTF-8"?>
<!-- Generated by org.testng.reporters.JUnitReportReporter -->
<testsuite skipped="0" hostname="VDUDDUKU-L470" name="parallel.RunCucumberTest" tests="2" failures="0" timestamp="2020-06-05T14:43:44 IST" time="196.961" errors="0">
  <testcase name="feature" time="109.251" classname="parallel.RunCucumberTest"/>
  <system-out/>
  <testcase name="feature" time="87.710" classname="parallel.RunCucumberTest"/>
  <system-out/>
</testsuite> <!-- parallel.RunCucumberTest -->
